# JRE version: OpenJDK Runtime Environment (8.0_152-b06) (build 1.8.0_152-release-1136-b06)
# Java VM: OpenJDK 64-Bit Server VM (25.152-b06 mixed mode linux-amd64 compressed oops)
Heap:
 PSYoungGen      total 80384K, used 0K [0x00000000eab00000, 0x00000000f1480000, 0x0000000100000000)
  eden space 54784K, 0% used [0x00000000eab00000,0x00000000eab00000,0x00000000ee080000)
  from space 25600K, 0% used [0x00000000efb80000,0x00000000efb80000,0x00000000f1480000)
  to   space 26624K, 0% used [0x00000000ee080000,0x00000000ee080000,0x00000000efa80000)
 ParOldGen       total 123392K, used 114073K [0x00000000c0000000, 0x00000000c7880000, 0x00000000eab00000)
  object space 123392K, 92% used [0x00000000c0000000,0x00000000c6f66498,0x00000000c7880000)
 Metaspace       used 63702K, capacity 65366K, committed 65624K, reserved 1105920K
  class space    used 8332K, capacity 8726K, committed 8832K, reserved 1048576K
GC Heap History (10 events):
Event: 192.253 GC heap after
Heap after GC invocations=55 (full 4):
 PSYoungGen      total 64000K, used 5663K [0x00000000eab00000, 0x00000000f0400000, 0x0000000100000000)
  eden space 43008K, 0% used [0x00000000eab00000,0x00000000eab00000,0x00000000ed500000)
  from space 20992K, 26% used [0x00000000ed500000,0x00000000eda87cf0,0x00000000ee980000)
  to   space 20480K, 0% used [0x00000000ef000000,0x00000000ef000000,0x00000000f0400000)
 ParOldGen       total 94208K, used 92920K [0x00000000c0000000, 0x00000000c5c00000, 0x00000000eab00000)
  object space 94208K, 98% used [0x00000000c0000000,0x00000000c5abe170,0x00000000c5c00000)
 Metaspace       used 62454K, capacity 64156K, committed 64216K, reserved 1105920K
  class space    used 8258K, capacity 8663K, committed 8704K, reserved 1048576K
}
Event: 192.283 GC heap before
{Heap before GC invocations=56 (full 5):
 PSYoungGen      total 64000K, used 5663K [0x00000000eab00000, 0x00000000f0400000, 0x0000000100000000)
  eden space 43008K, 0% used [0x00000000eab00000,0x00000000eab00000,0x00000000ed500000)
  from space 20992K, 26% used [0x00000000ed500000,0x00000000eda87cf0,0x00000000ee980000)
  to   space 20480K, 0% used [0x00000000ef000000,0x00000000ef000000,0x00000000f0400000)
 ParOldGen       total 94208K, used 92920K [0x00000000c0000000, 0x00000000c5c00000, 0x00000000eab00000)
  object space 94208K, 98% used [0x00000000c0000000,0x00000000c5abe170,0x00000000c5c00000)
 Metaspace       used 62454K, capacity 64156K, committed 64216K, reserved 1105920K
  class space    used 8258K, capacity 8663K, committed 8704K, reserved 1048576K
Event: 192.699 GC heap after
Heap after GC invocations=56 (full 5):
 PSYoungGen      total 64000K, used 0K [0x00000000eab00000, 0x00000000f0400000, 0x0000000100000000)
  eden space 43008K, 0% used [0x00000000eab00000,0x00000000eab00000,0x00000000ed500000)
  from space 20992K, 0% used [0x00000000ed500000,0x00000000ed500000,0x00000000ee980000)
  to   space 20480K, 0% used [0x00000000ef000000,0x00000000ef000000,0x00000000f0400000)
 ParOldGen       total 123392K, used 78483K [0x00000000c0000000, 0x00000000c7880000, 0x00000000eab00000)
  object space 123392K, 63% used [0x00000000c0000000,0x00000000c4ca4ec8,0x00000000c7880000)
 Metaspace       used 62452K, capacity 64150K, committed 64216K, reserved 1105920K
  class space    used 8257K, capacity 8662K, committed 8704K, reserved 1048576K
}
Event: 196.073 GC heap before
{Heap before GC invocations=57 (full 5):
 PSYoungGen      total 64000K, used 43008K [0x00000000eab00000, 0x00000000f0400000, 0x0000000100000000)
  eden space 43008K, 100% used [0x00000000eab00000,0x00000000ed500000,0x00000000ed500000)
  from space 20992K, 0% used [0x00000000ed500000,0x00000000ed500000,0x00000000ee980000)
  to   space 20480K, 0% used [0x00000000ef000000,0x00000000ef000000,0x00000000f0400000)
 ParOldGen       total 123392K, used 78483K [0x00000000c0000000, 0x00000000c7880000, 0x00000000eab00000)
  object space 123392K, 63% used [0x00000000c0000000,0x00000000c4ca4ec8,0x00000000c7880000)
 Metaspace       used 62499K, capacity 64214K, committed 64472K, reserved 1105920K
  class space    used 8257K, capacity 8662K, committed 8704K, reserved 1048576K
Event: 196.102 GC heap after
Heap after GC invocations=57 (full 5):
 PSYoungGen      total 67584K, used 20373K [0x00000000eab00000, 0x00000000f0a00000, 0x0000000100000000)
  eden space 47104K, 0% used [0x00000000eab00000,0x00000000eab00000,0x00000000ed900000)
  from space 20480K, 99% used [0x00000000ef000000,0x00000000f03e5658,0x00000000f0400000)
  to   space 23552K, 0% used [0x00000000ed900000,0x00000000ed900000,0x00000000ef000000)
 ParOldGen       total 123392K, used 78483K [0x00000000c0000000, 0x00000000c7880000, 0x00000000eab00000)
  object space 123392K, 63% used [0x00000000c0000000,0x00000000c4ca4ec8,0x00000000c7880000)
 Metaspace       used 62499K, capacity 64214K, committed 64472K, reserved 1105920K
  class space    used 8257K, capacity 8662K, committed 8704K, reserved 1048576K
}
Event: 200.130 GC heap before
{Heap before GC invocations=58 (full 5):
 PSYoungGen      total 67584K, used 67477K [0x00000000eab00000, 0x00000000f0a00000, 0x0000000100000000)
  eden space 47104K, 100% used [0x00000000eab00000,0x00000000ed900000,0x00000000ed900000)
  from space 20480K, 99% used [0x00000000ef000000,0x00000000f03e5658,0x00000000f0400000)
  to   space 23552K, 0% used [0x00000000ed900000,0x00000000ed900000,0x00000000ef000000)
 ParOldGen       total 123392K, used 78483K [0x00000000c0000000, 0x00000000c7880000, 0x00000000eab00000)
  object space 123392K, 63% used [0x00000000c0000000,0x00000000c4ca4ec8,0x00000000c7880000)
 Metaspace       used 63308K, capacity 64982K, committed 65112K, reserved 1105920K
  class space    used 8329K, capacity 8726K, committed 8832K, reserved 1048576K
Event: 200.416 GC heap after
Heap after GC invocations=58 (full 5):
 PSYoungGen      total 70656K, used 22518K [0x00000000eab00000, 0x00000000f1600000, 0x0000000100000000)
  eden space 47104K, 0% used [0x00000000eab00000,0x00000000eab00000,0x00000000ed900000)
  from space 23552K, 95% used [0x00000000ed900000,0x00000000eeefdb10,0x00000000ef000000)
  to   space 27136K, 0% used [0x00000000efb80000,0x00000000efb80000,0x00000000f1600000)
 ParOldGen       total 123392K, used 98228K [0x00000000c0000000, 0x00000000c7880000, 0x00000000eab00000)
  object space 123392K, 79% used [0x00000000c0000000,0x00000000c5fed1d8,0x00000000c7880000)
 Metaspace       used 63308K, capacity 64982K, committed 65112K, reserved 1105920K
  class space    used 8329K, capacity 8726K, committed 8832K, reserved 1048576K
}
Event: 260.726 GC heap before
{Heap before GC invocations=59 (full 5):
 PSYoungGen      total 70656K, used 69622K [0x00000000eab00000, 0x00000000f1600000, 0x0000000100000000)
  eden space 47104K, 100% used [0x00000000eab00000,0x00000000ed900000,0x00000000ed900000)
  from space 23552K, 95% used [0x00000000ed900000,0x00000000eeefdb10,0x00000000ef000000)
  to   space 27136K, 0% used [0x00000000efb80000,0x00000000efb80000,0x00000000f1600000)
 ParOldGen       total 123392K, used 98228K [0x00000000c0000000, 0x00000000c7880000, 0x00000000eab00000)
  object space 123392K, 79% used [0x00000000c0000000,0x00000000c5fed1d8,0x00000000c7880000)
 Metaspace       used 63702K, capacity 65366K, committed 65624K, reserved 1105920K
  class space    used 8332K, capacity 8726K, committed 8832K, reserved 1048576K
Event: 263.869 GC heap after
Heap after GC invocations=59 (full 5):
 PSYoungGen      total 80384K, used 4264K [0x00000000eab00000, 0x00000000f1480000, 0x0000000100000000)
  eden space 54784K, 0% used [0x00000000eab00000,0x00000000eab00000,0x00000000ee080000)
  from space 25600K, 16% used [0x00000000efb80000,0x00000000effaa390,0x00000000f1480000)
  to   space 26624K, 0% used [0x00000000ee080000,0x00000000ee080000,0x00000000efa80000)
 ParOldGen       total 123392K, used 117056K [0x00000000c0000000, 0x00000000c7880000, 0x00000000eab00000)
  object space 123392K, 94% used [0x00000000c0000000,0x00000000c7250388,0x00000000c7880000)
 Metaspace       used 63702K, capacity 65366K, committed 65624K, reserved 1105920K
  class space    used 8332K, capacity 8726K, committed 8832K, reserved 1048576K
}
Event: 264.009 GC heap before
{Heap before GC invocations=60 (full 6):
 PSYoungGen      total 80384K, used 4264K [0x00000000eab00000, 0x00000000f1480000, 0x0000000100000000)
  eden space 54784K, 0% used [0x00000000eab00000,0x00000000eab00000,0x00000000ee080000)
  from space 25600K, 16% used [0x00000000efb80000,0x00000000effaa390,0x00000000f1480000)
  to   space 26624K, 0% used [0x00000000ee080000,0x00000000ee080000,0x00000000efa80000)
 ParOldGen       total 123392K, used 117056K [0x00000000c0000000, 0x00000000c7880000, 0x00000000eab00000)
  object space 123392K, 94% used [0x00000000c0000000,0x00000000c7250388,0x00000000c7880000)
 Metaspace       used 63702K, capacity 65366K, committed 65624K, reserved 1105920K
  class space    used 8332K, capacity 8726K, committed 8832K, reserved 1048576K

