# JRE version: OpenJDK Runtime Environment (8.0_152-b06) (build 1.8.0_152-release-1136-b06)
# Java VM: OpenJDK 64-Bit Server VM (25.152-b06 mixed mode linux-amd64 compressed oops)
Heap:
 PSYoungGen      total 195072K, used 15334K [0x00000000eab00000, 0x00000000f8900000, 0x0000000100000000)
  eden space 179712K, 0% used [0x00000000eab00000,0x00000000eab00000,0x00000000f5a80000)
  from space 15360K, 99% used [0x00000000f5a80000,0x00000000f6979990,0x00000000f6980000)
  to   space 12800K, 0% used [0x00000000f6980000,0x00000000f6980000,0x00000000f7600000)
 ParOldGen       total 50688K, used 32683K [0x00000000c0000000, 0x00000000c3180000, 0x00000000eab00000)
  object space 50688K, 64% used [0x00000000c0000000,0x00000000c1feadc8,0x00000000c3180000)
 Metaspace       used 55317K, capacity 56936K, committed 57176K, reserved 1097728K
  class space    used 7526K, capacity 7947K, committed 8064K, reserved 1048576K
GC Heap History (10 events):
Event: 41.368 GC heap after
Heap after GC invocations=6 (full 1):
 PSYoungGen      total 64000K, used 0K [0x00000000eab00000, 0x00000000f3700000, 0x0000000100000000)
  eden space 61440K, 0% used [0x00000000eab00000,0x00000000eab00000,0x00000000ee700000)
  from space 2560K, 0% used [0x00000000ee700000,0x00000000ee700000,0x00000000ee980000)
  to   space 10240K, 0% used [0x00000000f2d00000,0x00000000f2d00000,0x00000000f3700000)
 ParOldGen       total 36352K, used 9850K [0x00000000c0000000, 0x00000000c2380000, 0x00000000eab00000)
  object space 36352K, 27% used [0x00000000c0000000,0x00000000c099e948,0x00000000c2380000)
 Metaspace       used 20703K, capacity 21096K, committed 21248K, reserved 1067008K
  class space    used 2857K, capacity 3017K, committed 3072K, reserved 1048576K
}
Event: 44.801 GC heap before
{Heap before GC invocations=7 (full 1):
 PSYoungGen      total 64000K, used 61440K [0x00000000eab00000, 0x00000000f3700000, 0x0000000100000000)
  eden space 61440K, 100% used [0x00000000eab00000,0x00000000ee700000,0x00000000ee700000)
  from space 2560K, 0% used [0x00000000ee700000,0x00000000ee700000,0x00000000ee980000)
  to   space 10240K, 0% used [0x00000000f2d00000,0x00000000f2d00000,0x00000000f3700000)
 ParOldGen       total 36352K, used 9850K [0x00000000c0000000, 0x00000000c2380000, 0x00000000eab00000)
  object space 36352K, 27% used [0x00000000c0000000,0x00000000c099e948,0x00000000c2380000)
 Metaspace       used 25821K, capacity 26166K, committed 26496K, reserved 1073152K
  class space    used 3539K, capacity 3676K, committed 3712K, reserved 1048576K
Event: 44.817 GC heap after
Heap after GC invocations=7 (full 1):
 PSYoungGen      total 113664K, used 6116K [0x00000000eab00000, 0x00000000f3300000, 0x0000000100000000)
  eden space 107520K, 0% used [0x00000000eab00000,0x00000000eab00000,0x00000000f1400000)
  from space 6144K, 99% used [0x00000000f2d00000,0x00000000f32f9288,0x00000000f3300000)
  to   space 9728K, 0% used [0x00000000f2000000,0x00000000f2000000,0x00000000f2980000)
 ParOldGen       total 36352K, used 9858K [0x00000000c0000000, 0x00000000c2380000, 0x00000000eab00000)
  object space 36352K, 27% used [0x00000000c0000000,0x00000000c09a0948,0x00000000c2380000)
 Metaspace       used 25821K, capacity 26166K, committed 26496K, reserved 1073152K
  class space    used 3539K, capacity 3676K, committed 3712K, reserved 1048576K
}
Event: 60.613 GC heap before
{Heap before GC invocations=8 (full 1):
 PSYoungGen      total 113664K, used 100742K [0x00000000eab00000, 0x00000000f3300000, 0x0000000100000000)
  eden space 107520K, 88% used [0x00000000eab00000,0x00000000f07688e8,0x00000000f1400000)
  from space 6144K, 99% used [0x00000000f2d00000,0x00000000f32f9288,0x00000000f3300000)
  to   space 9728K, 0% used [0x00000000f2000000,0x00000000f2000000,0x00000000f2980000)
 ParOldGen       total 36352K, used 9858K [0x00000000c0000000, 0x00000000c2380000, 0x00000000eab00000)
  object space 36352K, 27% used [0x00000000c0000000,0x00000000c09a0948,0x00000000c2380000)
 Metaspace       used 34680K, capacity 35194K, committed 35416K, reserved 1079296K
  class space    used 4744K, capacity 4945K, committed 4992K, reserved 1048576K
Event: 60.630 GC heap after
Heap after GC invocations=8 (full 1):
 PSYoungGen      total 129536K, used 9720K [0x00000000eab00000, 0x00000000f7600000, 0x0000000100000000)
  eden space 119808K, 0% used [0x00000000eab00000,0x00000000eab00000,0x00000000f2000000)
  from space 9728K, 99% used [0x00000000f2000000,0x00000000f297e3b0,0x00000000f2980000)
  to   space 12800K, 0% used [0x00000000f6980000,0x00000000f6980000,0x00000000f7600000)
 ParOldGen       total 36352K, used 12824K [0x00000000c0000000, 0x00000000c2380000, 0x00000000eab00000)
  object space 36352K, 35% used [0x00000000c0000000,0x00000000c0c860f0,0x00000000c2380000)
 Metaspace       used 34680K, capacity 35194K, committed 35416K, reserved 1079296K
  class space    used 4744K, capacity 4945K, committed 4992K, reserved 1048576K
}
Event: 60.630 GC heap before
{Heap before GC invocations=9 (full 2):
 PSYoungGen      total 129536K, used 9720K [0x00000000eab00000, 0x00000000f7600000, 0x0000000100000000)
  eden space 119808K, 0% used [0x00000000eab00000,0x00000000eab00000,0x00000000f2000000)
  from space 9728K, 99% used [0x00000000f2000000,0x00000000f297e3b0,0x00000000f2980000)
  to   space 12800K, 0% used [0x00000000f6980000,0x00000000f6980000,0x00000000f7600000)
 ParOldGen       total 36352K, used 12824K [0x00000000c0000000, 0x00000000c2380000, 0x00000000eab00000)
  object space 36352K, 35% used [0x00000000c0000000,0x00000000c0c860f0,0x00000000c2380000)
 Metaspace       used 34680K, capacity 35194K, committed 35416K, reserved 1079296K
  class space    used 4744K, capacity 4945K, committed 4992K, reserved 1048576K
Event: 60.781 GC heap after
Heap after GC invocations=9 (full 2):
 PSYoungGen      total 129536K, used 0K [0x00000000eab00000, 0x00000000f7600000, 0x0000000100000000)
  eden space 119808K, 0% used [0x00000000eab00000,0x00000000eab00000,0x00000000f2000000)
  from space 9728K, 0% used [0x00000000f2000000,0x00000000f2000000,0x00000000f2980000)
  to   space 12800K, 0% used [0x00000000f6980000,0x00000000f6980000,0x00000000f7600000)
 ParOldGen       total 50688K, used 18786K [0x00000000c0000000, 0x00000000c3180000, 0x00000000eab00000)
  object space 50688K, 37% used [0x00000000c0000000,0x00000000c1258b68,0x00000000c3180000)
 Metaspace       used 34680K, capacity 35194K, committed 35416K, reserved 1079296K
  class space    used 4744K, capacity 4945K, committed 4992K, reserved 1048576K
}
Event: 67.320 GC heap before
{Heap before GC invocations=10 (full 2):
 PSYoungGen      total 129536K, used 119808K [0x00000000eab00000, 0x00000000f7600000, 0x0000000100000000)
  eden space 119808K, 100% used [0x00000000eab00000,0x00000000f2000000,0x00000000f2000000)
  from space 9728K, 0% used [0x00000000f2000000,0x00000000f2000000,0x00000000f2980000)
  to   space 12800K, 0% used [0x00000000f6980000,0x00000000f6980000,0x00000000f7600000)
 ParOldGen       total 50688K, used 18786K [0x00000000c0000000, 0x00000000c3180000, 0x00000000eab00000)
  object space 50688K, 37% used [0x00000000c0000000,0x00000000c1258b68,0x00000000c3180000)
 Metaspace       used 41483K, capacity 42226K, committed 42584K, reserved 1085440K
  class space    used 5677K, capacity 5930K, committed 6016K, reserved 1048576K
Event: 67.347 GC heap after
Heap after GC invocations=10 (full 2):
 PSYoungGen      total 192512K, used 12796K [0x00000000eab00000, 0x00000000f8900000, 0x0000000100000000)
  eden space 179712K, 0% used [0x00000000eab00000,0x00000000eab00000,0x00000000f5a80000)
  from space 12800K, 99% used [0x00000000f6980000,0x00000000f75ff0b0,0x00000000f7600000)
  to   space 15360K, 0% used [0x00000000f5a80000,0x00000000f5a80000,0x00000000f6980000)
 ParOldGen       total 50688K, used 19155K [0x00000000c0000000, 0x00000000c3180000, 0x00000000eab00000)
  object space 50688K, 37% used [0x00000000c0000000,0x00000000c12b4fc0,0x00000000c3180000)
 Metaspace       used 41483K, capacity 42226K, committed 42584K, reserved 1085440K
  class space    used 5677K, capacity 5930K, committed 6016K, reserved 1048576K
}
Event: 90.823 GC heap before
{Heap before GC invocations=11 (full 2):
 PSYoungGen      total 192512K, used 192508K [0x00000000eab00000, 0x00000000f8900000, 0x0000000100000000)
  eden space 179712K, 100% used [0x00000000eab00000,0x00000000f5a80000,0x00000000f5a80000)
  from space 12800K, 99% used [0x00000000f6980000,0x00000000f75ff0b0,0x00000000f7600000)
  to   space 15360K, 0% used [0x00000000f5a80000,0x00000000f5a80000,0x00000000f6980000)
 ParOldGen       total 50688K, used 19155K [0x00000000c0000000, 0x00000000c3180000, 0x00000000eab00000)
  object space 50688K, 37% used [0x00000000c0000000,0x00000000c12b4fc0,0x00000000c3180000)
 Metaspace       used 55317K, capacity 56936K, committed 57176K, reserved 1097728K
  class space    used 7526K, capacity 7947K, committed 8064K, reserved 1048576K

