# JRE version: OpenJDK Runtime Environment (8.0_152-b06) (build 1.8.0_152-release-1136-b06)
# Java VM: OpenJDK 64-Bit Server VM (25.152-b06 mixed mode linux-amd64 compressed oops)
Heap:
 PSYoungGen      total 162816K, used 13808K [0x00000000eab00000, 0x00000000f5900000, 0x0000000100000000)
  eden space 148992K, 0% used [0x00000000eab00000,0x00000000eab00000,0x00000000f3c80000)
  from space 13824K, 99% used [0x00000000f3c80000,0x00000000f49fc030,0x00000000f4a00000)
  to   space 12800K, 0% used [0x00000000f4a00000,0x00000000f4a00000,0x00000000f5680000)
 ParOldGen       total 91136K, used 76708K [0x00000000c0000000, 0x00000000c5900000, 0x00000000eab00000)
  object space 91136K, 84% used [0x00000000c0000000,0x00000000c4ae9058,0x00000000c5900000)
 Metaspace       used 68434K, capacity 71096K, committed 71316K, reserved 1112064K
  class space    used 8994K, capacity 9650K, committed 9660K, reserved 1048576K
GC Heap History (10 events):
Event: 62.052 GC heap after
Heap after GC invocations=27 (full 3):
 PSYoungGen      total 105472K, used 0K [0x00000000eab00000, 0x00000000f1f80000, 0x0000000100000000)
  eden space 93184K, 0% used [0x00000000eab00000,0x00000000eab00000,0x00000000f0600000)
  from space 12288K, 0% used [0x00000000f1200000,0x00000000f1200000,0x00000000f1e00000)
  to   space 12288K, 0% used [0x00000000f0600000,0x00000000f0600000,0x00000000f1200000)
 ParOldGen       total 91136K, used 44008K [0x00000000c0000000, 0x00000000c5900000, 0x00000000eab00000)
  object space 91136K, 48% used [0x00000000c0000000,0x00000000c2afa220,0x00000000c5900000)
 Metaspace       used 57132K, capacity 58942K, committed 59028K, reserved 1099776K
  class space    used 7821K, capacity 8336K, committed 8380K, reserved 1048576K
}
Event: 79.882 GC heap before
{Heap before GC invocations=28 (full 3):
 PSYoungGen      total 105472K, used 93184K [0x00000000eab00000, 0x00000000f1f80000, 0x0000000100000000)
  eden space 93184K, 100% used [0x00000000eab00000,0x00000000f0600000,0x00000000f0600000)
  from space 12288K, 0% used [0x00000000f1200000,0x00000000f1200000,0x00000000f1e00000)
  to   space 12288K, 0% used [0x00000000f0600000,0x00000000f0600000,0x00000000f1200000)
 ParOldGen       total 91136K, used 44008K [0x00000000c0000000, 0x00000000c5900000, 0x00000000eab00000)
  object space 91136K, 48% used [0x00000000c0000000,0x00000000c2afa220,0x00000000c5900000)
 Metaspace       used 61382K, capacity 63438K, committed 63636K, reserved 1103872K
  class space    used 8306K, capacity 8879K, committed 8892K, reserved 1048576K
Event: 79.895 GC heap after
Heap after GC invocations=28 (full 3):
 PSYoungGen      total 105472K, used 9598K [0x00000000eab00000, 0x00000000f3980000, 0x0000000100000000)
  eden space 93184K, 0% used [0x00000000eab00000,0x00000000eab00000,0x00000000f0600000)
  from space 12288K, 78% used [0x00000000f0600000,0x00000000f0f5f978,0x00000000f1200000)
  to   space 13312K, 0% used [0x00000000f2c80000,0x00000000f2c80000,0x00000000f3980000)
 ParOldGen       total 91136K, used 44039K [0x00000000c0000000, 0x00000000c5900000, 0x00000000eab00000)
  object space 91136K, 48% used [0x00000000c0000000,0x00000000c2b01e80,0x00000000c5900000)
 Metaspace       used 61382K, capacity 63438K, committed 63636K, reserved 1103872K
  class space    used 8306K, capacity 8879K, committed 8892K, reserved 1048576K
}
Event: 88.219 GC heap before
{Heap before GC invocations=29 (full 3):
 PSYoungGen      total 105472K, used 102782K [0x00000000eab00000, 0x00000000f3980000, 0x0000000100000000)
  eden space 93184K, 100% used [0x00000000eab00000,0x00000000f0600000,0x00000000f0600000)
  from space 12288K, 78% used [0x00000000f0600000,0x00000000f0f5f978,0x00000000f1200000)
  to   space 13312K, 0% used [0x00000000f2c80000,0x00000000f2c80000,0x00000000f3980000)
 ParOldGen       total 91136K, used 44039K [0x00000000c0000000, 0x00000000c5900000, 0x00000000eab00000)
  object space 91136K, 48% used [0x00000000c0000000,0x00000000c2b01e80,0x00000000c5900000)
 Metaspace       used 61921K, capacity 63978K, committed 64276K, reserved 1103872K
  class space    used 8343K, capacity 8921K, committed 9020K, reserved 1048576K
Event: 88.237 GC heap after
Heap after GC invocations=29 (full 3):
 PSYoungGen      total 130560K, used 3073K [0x00000000eab00000, 0x00000000f3800000, 0x0000000100000000)
  eden space 118784K, 0% used [0x00000000eab00000,0x00000000eab00000,0x00000000f1f00000)
  from space 11776K, 26% used [0x00000000f2c80000,0x00000000f2f80470,0x00000000f3800000)
  to   space 12800K, 0% used [0x00000000f1f00000,0x00000000f1f00000,0x00000000f2b80000)
 ParOldGen       total 91136K, used 51654K [0x00000000c0000000, 0x00000000c5900000, 0x00000000eab00000)
  object space 91136K, 56% used [0x00000000c0000000,0x00000000c3271820,0x00000000c5900000)
 Metaspace       used 61921K, capacity 63978K, committed 64276K, reserved 1103872K
  class space    used 8343K, capacity 8921K, committed 9020K, reserved 1048576K
}
Event: 109.227 GC heap before
{Heap before GC invocations=30 (full 3):
 PSYoungGen      total 130560K, used 121857K [0x00000000eab00000, 0x00000000f3800000, 0x0000000100000000)
  eden space 118784K, 100% used [0x00000000eab00000,0x00000000f1f00000,0x00000000f1f00000)
  from space 11776K, 26% used [0x00000000f2c80000,0x00000000f2f80470,0x00000000f3800000)
  to   space 12800K, 0% used [0x00000000f1f00000,0x00000000f1f00000,0x00000000f2b80000)
 ParOldGen       total 91136K, used 51654K [0x00000000c0000000, 0x00000000c5900000, 0x00000000eab00000)
  object space 91136K, 56% used [0x00000000c0000000,0x00000000c3271820,0x00000000c5900000)
 Metaspace       used 65927K, capacity 68562K, committed 68756K, reserved 1107968K
  class space    used 8716K, capacity 9391K, committed 9404K, reserved 1048576K
Event: 109.242 GC heap after
Heap after GC invocations=30 (full 3):
 PSYoungGen      total 131584K, used 6784K [0x00000000eab00000, 0x00000000f5680000, 0x0000000100000000)
  eden space 118784K, 0% used [0x00000000eab00000,0x00000000eab00000,0x00000000f1f00000)
  from space 12800K, 53% used [0x00000000f1f00000,0x00000000f25a0140,0x00000000f2b80000)
  to   space 12800K, 0% used [0x00000000f4a00000,0x00000000f4a00000,0x00000000f5680000)
 ParOldGen       total 91136K, used 53686K [0x00000000c0000000, 0x00000000c5900000, 0x00000000eab00000)
  object space 91136K, 58% used [0x00000000c0000000,0x00000000c346d890,0x00000000c5900000)
 Metaspace       used 65927K, capacity 68562K, committed 68756K, reserved 1107968K
  class space    used 8716K, capacity 9391K, committed 9404K, reserved 1048576K
}
Event: 135.074 GC heap before
{Heap before GC invocations=31 (full 3):
 PSYoungGen      total 131584K, used 125568K [0x00000000eab00000, 0x00000000f5680000, 0x0000000100000000)
  eden space 118784K, 100% used [0x00000000eab00000,0x00000000f1f00000,0x00000000f1f00000)
  from space 12800K, 53% used [0x00000000f1f00000,0x00000000f25a0140,0x00000000f2b80000)
  to   space 12800K, 0% used [0x00000000f4a00000,0x00000000f4a00000,0x00000000f5680000)
 ParOldGen       total 91136K, used 53686K [0x00000000c0000000, 0x00000000c5900000, 0x00000000eab00000)
  object space 91136K, 58% used [0x00000000c0000000,0x00000000c346d890,0x00000000c5900000)
 Metaspace       used 67130K, capacity 69824K, committed 70036K, reserved 1110016K
  class space    used 8880K, capacity 9550K, committed 9660K, reserved 1048576K
Event: 138.111 GC heap after
Heap after GC invocations=31 (full 3):
 PSYoungGen      total 161792K, used 10160K [0x00000000eab00000, 0x00000000f5900000, 0x0000000100000000)
  eden space 148992K, 0% used [0x00000000eab00000,0x00000000eab00000,0x00000000f3c80000)
  from space 12800K, 79% used [0x00000000f4a00000,0x00000000f53ec010,0x00000000f5680000)
  to   space 13824K, 0% used [0x00000000f3c80000,0x00000000f3c80000,0x00000000f4a00000)
 ParOldGen       total 91136K, used 57876K [0x00000000c0000000, 0x00000000c5900000, 0x00000000eab00000)
  object space 91136K, 63% used [0x00000000c0000000,0x00000000c3885168,0x00000000c5900000)
 Metaspace       used 67130K, capacity 69824K, committed 70036K, reserved 1110016K
  class space    used 8880K, capacity 9550K, committed 9660K, reserved 1048576K
}
Event: 155.935 GC heap before
{Heap before GC invocations=32 (full 3):
 PSYoungGen      total 161792K, used 159152K [0x00000000eab00000, 0x00000000f5900000, 0x0000000100000000)
  eden space 148992K, 100% used [0x00000000eab00000,0x00000000f3c80000,0x00000000f3c80000)
  from space 12800K, 79% used [0x00000000f4a00000,0x00000000f53ec010,0x00000000f5680000)
  to   space 13824K, 0% used [0x00000000f3c80000,0x00000000f3c80000,0x00000000f4a00000)
 ParOldGen       total 91136K, used 57876K [0x00000000c0000000, 0x00000000c5900000, 0x00000000eab00000)
  object space 91136K, 63% used [0x00000000c0000000,0x00000000c3885168,0x00000000c5900000)
 Metaspace       used 68434K, capacity 71096K, committed 71316K, reserved 1112064K
  class space    used 8994K, capacity 9650K, committed 9660K, reserved 1048576K

