# JRE version: OpenJDK Runtime Environment (8.0_152-b06) (build 1.8.0_152-release-1136-b06)
# Java VM: OpenJDK 64-Bit Server VM (25.152-b06 mixed mode linux-amd64 compressed oops)
Heap:
 PSYoungGen      total 288768K, used 26990K [0x00000000eab00000, 0x0000000100000000, 0x0000000100000000)
  eden space 228352K, 0% used [0x00000000eab00000,0x00000000eab00000,0x00000000f8a00000)
  from space 60416K, 44% used [0x00000000f8a00000,0x00000000fa45b828,0x00000000fc500000)
  to   space 60416K, 0% used [0x00000000fc500000,0x00000000fc500000,0x0000000100000000)
 ParOldGen       total 425472K, used 425177K [0x00000000c0000000, 0x00000000d9f80000, 0x00000000eab00000)
  object space 425472K, 99% used [0x00000000c0000000,0x00000000d9f36480,0x00000000d9f80000)
 Metaspace       used 6659K, capacity 7346K, committed 7552K, reserved 1056768K
  class space    used 608K, capacity 618K, committed 640K, reserved 1048576K
GC Heap History (10 events):
Event: 75.300 GC heap after
Heap after GC invocations=25 (full 5):
 PSYoungGen      total 288256K, used 36284K [0x00000000eab00000, 0x0000000100000000, 0x0000000100000000)
  eden space 231424K, 0% used [0x00000000eab00000,0x00000000eab00000,0x00000000f8d00000)
  from space 56832K, 63% used [0x00000000fc600000,0x00000000fe96f0d8,0x00000000ffd80000)
  to   space 58368K, 0% used [0x00000000f8d00000,0x00000000f8d00000,0x00000000fc600000)
 ParOldGen       total 337920K, used 317555K [0x00000000c0000000, 0x00000000d4a00000, 0x00000000eab00000)
  object space 337920K, 93% used [0x00000000c0000000,0x00000000d361ce00,0x00000000d4a00000)
 Metaspace       used 6642K, capacity 7346K, committed 7552K, reserved 1056768K
  class space    used 607K, capacity 618K, committed 640K, reserved 1048576K
}
Event: 75.300 GC heap before
{Heap before GC invocations=26 (full 6):
 PSYoungGen      total 288256K, used 36284K [0x00000000eab00000, 0x0000000100000000, 0x0000000100000000)
  eden space 231424K, 0% used [0x00000000eab00000,0x00000000eab00000,0x00000000f8d00000)
  from space 56832K, 63% used [0x00000000fc600000,0x00000000fe96f0d8,0x00000000ffd80000)
  to   space 58368K, 0% used [0x00000000f8d00000,0x00000000f8d00000,0x00000000fc600000)
 ParOldGen       total 337920K, used 317555K [0x00000000c0000000, 0x00000000d4a00000, 0x00000000eab00000)
  object space 337920K, 93% used [0x00000000c0000000,0x00000000d361ce00,0x00000000d4a00000)
 Metaspace       used 6642K, capacity 7346K, committed 7552K, reserved 1056768K
  class space    used 607K, capacity 618K, committed 640K, reserved 1048576K
Event: 76.880 GC heap after
Heap after GC invocations=26 (full 6):
 PSYoungGen      total 288256K, used 9479K [0x00000000eab00000, 0x0000000100000000, 0x0000000100000000)
  eden space 231424K, 0% used [0x00000000eab00000,0x00000000eab00000,0x00000000f8d00000)
  from space 56832K, 16% used [0x00000000fc600000,0x00000000fcf41fb8,0x00000000ffd80000)
  to   space 58368K, 0% used [0x00000000f8d00000,0x00000000f8d00000,0x00000000fc600000)
 ParOldGen       total 425472K, used 337546K [0x00000000c0000000, 0x00000000d9f80000, 0x00000000eab00000)
  object space 425472K, 79% used [0x00000000c0000000,0x00000000d49a29c8,0x00000000d9f80000)
 Metaspace       used 6642K, capacity 7346K, committed 7552K, reserved 1056768K
  class space    used 607K, capacity 618K, committed 640K, reserved 1048576K
}
Event: 77.719 GC heap before
{Heap before GC invocations=27 (full 6):
 PSYoungGen      total 288256K, used 240903K [0x00000000eab00000, 0x0000000100000000, 0x0000000100000000)
  eden space 231424K, 100% used [0x00000000eab00000,0x00000000f8d00000,0x00000000f8d00000)
  from space 56832K, 16% used [0x00000000fc600000,0x00000000fcf41fb8,0x00000000ffd80000)
  to   space 58368K, 0% used [0x00000000f8d00000,0x00000000f8d00000,0x00000000fc600000)
 ParOldGen       total 425472K, used 337546K [0x00000000c0000000, 0x00000000d9f80000, 0x00000000eab00000)
  object space 425472K, 79% used [0x00000000c0000000,0x00000000d49a29c8,0x00000000d9f80000)
 Metaspace       used 6644K, capacity 7346K, committed 7552K, reserved 1056768K
  class space    used 607K, capacity 618K, committed 640K, reserved 1048576K
Event: 77.873 GC heap after
Heap after GC invocations=27 (full 6):
 PSYoungGen      total 289792K, used 37238K [0x00000000eab00000, 0x0000000100000000, 0x0000000100000000)
  eden space 231424K, 0% used [0x00000000eab00000,0x00000000eab00000,0x00000000f8d00000)
  from space 58368K, 63% used [0x00000000f8d00000,0x00000000fb15da18,0x00000000fc600000)
  to   space 59392K, 0% used [0x00000000fc600000,0x00000000fc600000,0x0000000100000000)
 ParOldGen       total 425472K, used 345600K [0x00000000c0000000, 0x00000000d9f80000, 0x00000000eab00000)
  object space 425472K, 81% used [0x00000000c0000000,0x00000000d51801d0,0x00000000d9f80000)
 Metaspace       used 6644K, capacity 7346K, committed 7552K, reserved 1056768K
  class space    used 607K, capacity 618K, committed 640K, reserved 1048576K
}
Event: 79.874 GC heap before
{Heap before GC invocations=28 (full 6):
 PSYoungGen      total 289792K, used 268662K [0x00000000eab00000, 0x0000000100000000, 0x0000000100000000)
  eden space 231424K, 100% used [0x00000000eab00000,0x00000000f8d00000,0x00000000f8d00000)
  from space 58368K, 63% used [0x00000000f8d00000,0x00000000fb15da18,0x00000000fc600000)
  to   space 59392K, 0% used [0x00000000fc600000,0x00000000fc600000,0x0000000100000000)
 ParOldGen       total 425472K, used 345600K [0x00000000c0000000, 0x00000000d9f80000, 0x00000000eab00000)
  object space 425472K, 81% used [0x00000000c0000000,0x00000000d51801d0,0x00000000d9f80000)
 Metaspace       used 6644K, capacity 7346K, committed 7552K, reserved 1056768K
  class space    used 607K, capacity 618K, committed 640K, reserved 1048576K
Event: 79.980 GC heap after
Heap after GC invocations=28 (full 6):
 PSYoungGen      total 287744K, used 37298K [0x00000000eab00000, 0x0000000100000000, 0x0000000100000000)
  eden space 228352K, 0% used [0x00000000eab00000,0x00000000eab00000,0x00000000f8a00000)
  from space 59392K, 62% used [0x00000000fc600000,0x00000000fea6c968,0x0000000100000000)
  to   space 60416K, 0% used [0x00000000f8a00000,0x00000000f8a00000,0x00000000fc500000)
 ParOldGen       total 425472K, used 381228K [0x00000000c0000000, 0x00000000d9f80000, 0x00000000eab00000)
  object space 425472K, 89% used [0x00000000c0000000,0x00000000d744b300,0x00000000d9f80000)
 Metaspace       used 6644K, capacity 7346K, committed 7552K, reserved 1056768K
  class space    used 607K, capacity 618K, committed 640K, reserved 1048576K
}
Event: 81.143 GC heap before
{Heap before GC invocations=29 (full 6):
 PSYoungGen      total 287744K, used 265650K [0x00000000eab00000, 0x0000000100000000, 0x0000000100000000)
  eden space 228352K, 100% used [0x00000000eab00000,0x00000000f8a00000,0x00000000f8a00000)
  from space 59392K, 62% used [0x00000000fc600000,0x00000000fea6c968,0x0000000100000000)
  to   space 60416K, 0% used [0x00000000f8a00000,0x00000000f8a00000,0x00000000fc500000)
 ParOldGen       total 425472K, used 381228K [0x00000000c0000000, 0x00000000d9f80000, 0x00000000eab00000)
  object space 425472K, 89% used [0x00000000c0000000,0x00000000d744b300,0x00000000d9f80000)
 Metaspace       used 6659K, capacity 7346K, committed 7552K, reserved 1056768K
  class space    used 608K, capacity 618K, committed 640K, reserved 1048576K
Event: 81.238 GC heap after
Heap after GC invocations=29 (full 6):
 PSYoungGen      total 288768K, used 36461K [0x00000000eab00000, 0x0000000100000000, 0x0000000100000000)
  eden space 228352K, 0% used [0x00000000eab00000,0x00000000eab00000,0x00000000f8a00000)
  from space 60416K, 60% used [0x00000000f8a00000,0x00000000fad9b418,0x00000000fc500000)
  to   space 60416K, 0% used [0x00000000fc500000,0x00000000fc500000,0x0000000100000000)
 ParOldGen       total 425472K, used 416918K [0x00000000c0000000, 0x00000000d9f80000, 0x00000000eab00000)
  object space 425472K, 97% used [0x00000000c0000000,0x00000000d9725a58,0x00000000d9f80000)
 Metaspace       used 6659K, capacity 7346K, committed 7552K, reserved 1056768K
  class space    used 608K, capacity 618K, committed 640K, reserved 1048576K
}
Event: 81.239 GC heap before
{Heap before GC invocations=30 (full 7):
 PSYoungGen      total 288768K, used 36461K [0x00000000eab00000, 0x0000000100000000, 0x0000000100000000)
  eden space 228352K, 0% used [0x00000000eab00000,0x00000000eab00000,0x00000000f8a00000)
  from space 60416K, 60% used [0x00000000f8a00000,0x00000000fad9b418,0x00000000fc500000)
  to   space 60416K, 0% used [0x00000000fc500000,0x00000000fc500000,0x0000000100000000)
 ParOldGen       total 425472K, used 416918K [0x00000000c0000000, 0x00000000d9f80000, 0x00000000eab00000)
  object space 425472K, 97% used [0x00000000c0000000,0x00000000d9725a58,0x00000000d9f80000)
 Metaspace       used 6659K, capacity 7346K, committed 7552K, reserved 1056768K
  class space    used 608K, capacity 618K, committed 640K, reserved 1048576K

