# JRE version: OpenJDK Runtime Environment (8.0_152-b06) (build 1.8.0_152-release-1136-b06)
# Java VM: OpenJDK 64-Bit Server VM (25.152-b06 mixed mode linux-amd64 compressed oops)
Heap:
 PSYoungGen      total 255488K, used 0K [0x00000000eab00000, 0x00000000ff400000, 0x0000000100000000)
  eden space 190464K, 0% used [0x00000000eab00000,0x00000000eab00000,0x00000000f6500000)
  from space 65024K, 0% used [0x00000000fb480000,0x00000000fb480000,0x00000000ff400000)
  to   space 73216K, 0% used [0x00000000f6500000,0x00000000f6500000,0x00000000fac80000)
 ParOldGen       total 461312K, used 449032K [0x00000000c0000000, 0x00000000dc280000, 0x00000000eab00000)
  object space 461312K, 97% used [0x00000000c0000000,0x00000000db682150,0x00000000dc280000)
 Metaspace       used 6636K, capacity 7346K, committed 7552K, reserved 1056768K
  class space    used 607K, capacity 618K, committed 640K, reserved 1048576K
GC Heap History (10 events):
Event: 51.287 GC heap after
Heap after GC invocations=27 (full 6):
 PSYoungGen      total 259584K, used 28660K [0x00000000eab00000, 0x0000000100000000, 0x0000000100000000)
  eden space 169984K, 0% used [0x00000000eab00000,0x00000000eab00000,0x00000000f5100000)
  from space 89600K, 31% used [0x00000000f5100000,0x00000000f6cfd3c8,0x00000000fa880000)
  to   space 84992K, 0% used [0x00000000fad00000,0x00000000fad00000,0x0000000100000000)
 ParOldGen       total 370176K, used 341220K [0x00000000c0000000, 0x00000000d6980000, 0x00000000eab00000)
  object space 370176K, 92% used [0x00000000c0000000,0x00000000d4d39228,0x00000000d6980000)
 Metaspace       used 6635K, capacity 7346K, committed 7552K, reserved 1056768K
  class space    used 607K, capacity 618K, committed 640K, reserved 1048576K
}
Event: 51.287 GC heap before
{Heap before GC invocations=28 (full 7):
 PSYoungGen      total 259584K, used 28660K [0x00000000eab00000, 0x0000000100000000, 0x0000000100000000)
  eden space 169984K, 0% used [0x00000000eab00000,0x00000000eab00000,0x00000000f5100000)
  from space 89600K, 31% used [0x00000000f5100000,0x00000000f6cfd3c8,0x00000000fa880000)
  to   space 84992K, 0% used [0x00000000fad00000,0x00000000fad00000,0x0000000100000000)
 ParOldGen       total 370176K, used 341220K [0x00000000c0000000, 0x00000000d6980000, 0x00000000eab00000)
  object space 370176K, 92% used [0x00000000c0000000,0x00000000d4d39228,0x00000000d6980000)
 Metaspace       used 6635K, capacity 7346K, committed 7552K, reserved 1056768K
  class space    used 607K, capacity 618K, committed 640K, reserved 1048576K
Event: 54.277 GC heap after
Heap after GC invocations=28 (full 7):
 PSYoungGen      total 259584K, used 0K [0x00000000eab00000, 0x0000000100000000, 0x0000000100000000)
  eden space 169984K, 0% used [0x00000000eab00000,0x00000000eab00000,0x00000000f5100000)
  from space 89600K, 0% used [0x00000000f5100000,0x00000000f5100000,0x00000000fa880000)
  to   space 84992K, 0% used [0x00000000fad00000,0x00000000fad00000,0x0000000100000000)
 ParOldGen       total 461312K, used 369147K [0x00000000c0000000, 0x00000000dc280000, 0x00000000eab00000)
  object space 461312K, 80% used [0x00000000c0000000,0x00000000d687ee60,0x00000000dc280000)
 Metaspace       used 6635K, capacity 7346K, committed 7552K, reserved 1056768K
  class space    used 607K, capacity 618K, committed 640K, reserved 1048576K
}
Event: 61.453 GC heap before
{Heap before GC invocations=29 (full 7):
 PSYoungGen      total 259584K, used 169984K [0x00000000eab00000, 0x0000000100000000, 0x0000000100000000)
  eden space 169984K, 100% used [0x00000000eab00000,0x00000000f5100000,0x00000000f5100000)
  from space 89600K, 0% used [0x00000000f5100000,0x00000000f5100000,0x00000000fa880000)
  to   space 84992K, 0% used [0x00000000fad00000,0x00000000fad00000,0x0000000100000000)
 ParOldGen       total 461312K, used 369147K [0x00000000c0000000, 0x00000000dc280000, 0x00000000eab00000)
  object space 461312K, 80% used [0x00000000c0000000,0x00000000d687ee60,0x00000000dc280000)
 Metaspace       used 6635K, capacity 7346K, committed 7552K, reserved 1056768K
  class space    used 607K, capacity 618K, committed 640K, reserved 1048576K
Event: 61.755 GC heap after
Heap after GC invocations=29 (full 7):
 PSYoungGen      total 247808K, used 25822K [0x00000000eab00000, 0x00000000ff480000, 0x0000000100000000)
  eden space 174592K, 0% used [0x00000000eab00000,0x00000000eab00000,0x00000000f5580000)
  from space 73216K, 35% used [0x00000000fad00000,0x00000000fc637958,0x00000000ff480000)
  to   space 81408K, 0% used [0x00000000f5580000,0x00000000f5580000,0x00000000fa500000)
 ParOldGen       total 461312K, used 369147K [0x00000000c0000000, 0x00000000dc280000, 0x00000000eab00000)
  object space 461312K, 80% used [0x00000000c0000000,0x00000000d687ee60,0x00000000dc280000)
 Metaspace       used 6635K, capacity 7346K, committed 7552K, reserved 1056768K
  class space    used 607K, capacity 618K, committed 640K, reserved 1048576K
}
Event: 62.960 GC heap before
{Heap before GC invocations=30 (full 7):
 PSYoungGen      total 247808K, used 200414K [0x00000000eab00000, 0x00000000ff480000, 0x0000000100000000)
  eden space 174592K, 100% used [0x00000000eab00000,0x00000000f5580000,0x00000000f5580000)
  from space 73216K, 35% used [0x00000000fad00000,0x00000000fc637958,0x00000000ff480000)
  to   space 81408K, 0% used [0x00000000f5580000,0x00000000f5580000,0x00000000fa500000)
 ParOldGen       total 461312K, used 369147K [0x00000000c0000000, 0x00000000dc280000, 0x00000000eab00000)
  object space 461312K, 80% used [0x00000000c0000000,0x00000000d687ee60,0x00000000dc280000)
 Metaspace       used 6636K, capacity 7346K, committed 7552K, reserved 1056768K
  class space    used 607K, capacity 618K, committed 640K, reserved 1048576K
Event: 63.029 GC heap after
Heap after GC invocations=30 (full 7):
 PSYoungGen      total 256000K, used 28909K [0x00000000eab00000, 0x0000000100000000, 0x0000000100000000)
  eden space 174592K, 0% used [0x00000000eab00000,0x00000000eab00000,0x00000000f5580000)
  from space 81408K, 35% used [0x00000000f5580000,0x00000000f71bb6f8,0x00000000fa500000)
  to   space 77312K, 0% used [0x00000000fb480000,0x00000000fb480000,0x0000000100000000)
 ParOldGen       total 461312K, used 393910K [0x00000000c0000000, 0x00000000dc280000, 0x00000000eab00000)
  object space 461312K, 85% used [0x00000000c0000000,0x00000000d80ad990,0x00000000dc280000)
 Metaspace       used 6636K, capacity 7346K, committed 7552K, reserved 1056768K
  class space    used 607K, capacity 618K, committed 640K, reserved 1048576K
}
Event: 75.401 GC heap before
{Heap before GC invocations=31 (full 7):
 PSYoungGen      total 256000K, used 203501K [0x00000000eab00000, 0x0000000100000000, 0x0000000100000000)
  eden space 174592K, 100% used [0x00000000eab00000,0x00000000f5580000,0x00000000f5580000)
  from space 81408K, 35% used [0x00000000f5580000,0x00000000f71bb6f8,0x00000000fa500000)
  to   space 77312K, 0% used [0x00000000fb480000,0x00000000fb480000,0x0000000100000000)
 ParOldGen       total 461312K, used 393910K [0x00000000c0000000, 0x00000000dc280000, 0x00000000eab00000)
  object space 461312K, 85% used [0x00000000c0000000,0x00000000d80ad990,0x00000000dc280000)
 Metaspace       used 6636K, capacity 7346K, committed 7552K, reserved 1056768K
  class space    used 607K, capacity 618K, committed 640K, reserved 1048576K
Event: 96.737 GC heap after
Heap after GC invocations=31 (full 7):
 PSYoungGen      total 255488K, used 29453K [0x00000000eab00000, 0x00000000ff400000, 0x0000000100000000)
  eden space 190464K, 0% used [0x00000000eab00000,0x00000000eab00000,0x00000000f6500000)
  from space 65024K, 45% used [0x00000000fb480000,0x00000000fd143738,0x00000000ff400000)
  to   space 73216K, 0% used [0x00000000f6500000,0x00000000f6500000,0x00000000fac80000)
 ParOldGen       total 461312K, used 421674K [0x00000000c0000000, 0x00000000dc280000, 0x00000000eab00000)
  object space 461312K, 91% used [0x00000000c0000000,0x00000000d9bca848,0x00000000dc280000)
 Metaspace       used 6636K, capacity 7346K, committed 7552K, reserved 1056768K
  class space    used 607K, capacity 618K, committed 640K, reserved 1048576K
}
Event: 97.243 GC heap before
{Heap before GC invocations=32 (full 8):
 PSYoungGen      total 255488K, used 29453K [0x00000000eab00000, 0x00000000ff400000, 0x0000000100000000)
  eden space 190464K, 0% used [0x00000000eab00000,0x00000000eab00000,0x00000000f6500000)
  from space 65024K, 45% used [0x00000000fb480000,0x00000000fd143738,0x00000000ff400000)
  to   space 73216K, 0% used [0x00000000f6500000,0x00000000f6500000,0x00000000fac80000)
 ParOldGen       total 461312K, used 421674K [0x00000000c0000000, 0x00000000dc280000, 0x00000000eab00000)
  object space 461312K, 91% used [0x00000000c0000000,0x00000000d9bca848,0x00000000dc280000)
 Metaspace       used 6636K, capacity 7346K, committed 7552K, reserved 1056768K
  class space    used 607K, capacity 618K, committed 640K, reserved 1048576K

