# JRE version: OpenJDK Runtime Environment (8.0_152-b06) (build 1.8.0_152-release-1136-b06)
# Java VM: OpenJDK 64-Bit Server VM (25.152-b06 mixed mode linux-amd64 compressed oops)
Heap:
 PSYoungGen      total 207360K, used 21494K [0x00000000eab00000, 0x00000000f9080000, 0x0000000100000000)
  eden space 185856K, 0% used [0x00000000eab00000,0x00000000eab00000,0x00000000f6080000)
  from space 21504K, 99% used [0x00000000f6080000,0x00000000f757d838,0x00000000f7580000)
  to   space 15360K, 0% used [0x00000000f7580000,0x00000000f7580000,0x00000000f8480000)
 ParOldGen       total 73728K, used 54784K [0x00000000c0000000, 0x00000000c4800000, 0x00000000eab00000)
  object space 73728K, 74% used [0x00000000c0000000,0x00000000c3580248,0x00000000c4800000)
 Metaspace       used 6525K, capacity 7344K, committed 7552K, reserved 1056768K
  class space    used 602K, capacity 616K, committed 640K, reserved 1048576K
GC Heap History (10 events):
Event: 3.493 GC heap after
Heap after GC invocations=7 (full 0):
 PSYoungGen      total 66560K, used 3389K [0x00000000eab00000, 0x00000000f2d00000, 0x0000000100000000)
  eden space 61440K, 0% used [0x00000000eab00000,0x00000000eab00000,0x00000000ee700000)
  from space 5120K, 66% used [0x00000000ee700000,0x00000000eea4f5c0,0x00000000eec00000)
  to   space 5120K, 0% used [0x00000000f2800000,0x00000000f2800000,0x00000000f2d00000)
 ParOldGen       total 40960K, used 4967K [0x00000000c0000000, 0x00000000c2800000, 0x00000000eab00000)
  object space 40960K, 12% used [0x00000000c0000000,0x00000000c04d9ed8,0x00000000c2800000)
 Metaspace       used 5601K, capacity 6640K, committed 6784K, reserved 1056768K
  class space    used 577K, capacity 616K, committed 640K, reserved 1048576K
}
Event: 4.110 GC heap before
{Heap before GC invocations=8 (full 0):
 PSYoungGen      total 66560K, used 64829K [0x00000000eab00000, 0x00000000f2d00000, 0x0000000100000000)
  eden space 61440K, 100% used [0x00000000eab00000,0x00000000ee700000,0x00000000ee700000)
  from space 5120K, 66% used [0x00000000ee700000,0x00000000eea4f5c0,0x00000000eec00000)
  to   space 5120K, 0% used [0x00000000f2800000,0x00000000f2800000,0x00000000f2d00000)
 ParOldGen       total 40960K, used 4967K [0x00000000c0000000, 0x00000000c2800000, 0x00000000eab00000)
  object space 40960K, 12% used [0x00000000c0000000,0x00000000c04d9ed8,0x00000000c2800000)
 Metaspace       used 6013K, capacity 6960K, committed 7040K, reserved 1056768K
  class space    used 583K, capacity 616K, committed 640K, reserved 1048576K
Event: 4.153 GC heap after
Heap after GC invocations=8 (full 0):
 PSYoungGen      total 124928K, used 5095K [0x00000000eab00000, 0x00000000f3300000, 0x0000000100000000)
  eden space 119808K, 0% used [0x00000000eab00000,0x00000000eab00000,0x00000000f2000000)
  from space 5120K, 99% used [0x00000000f2800000,0x00000000f2cf9e90,0x00000000f2d00000)
  to   space 8192K, 0% used [0x00000000f2000000,0x00000000f2000000,0x00000000f2800000)
 ParOldGen       total 40960K, used 11121K [0x00000000c0000000, 0x00000000c2800000, 0x00000000eab00000)
  object space 40960K, 27% used [0x00000000c0000000,0x00000000c0adc5c8,0x00000000c2800000)
 Metaspace       used 6013K, capacity 6960K, committed 7040K, reserved 1056768K
  class space    used 583K, capacity 616K, committed 640K, reserved 1048576K
}
Event: 6.557 GC heap before
{Heap before GC invocations=9 (full 0):
 PSYoungGen      total 124928K, used 124903K [0x00000000eab00000, 0x00000000f3300000, 0x0000000100000000)
  eden space 119808K, 100% used [0x00000000eab00000,0x00000000f2000000,0x00000000f2000000)
  from space 5120K, 99% used [0x00000000f2800000,0x00000000f2cf9e90,0x00000000f2d00000)
  to   space 8192K, 0% used [0x00000000f2000000,0x00000000f2000000,0x00000000f2800000)
 ParOldGen       total 40960K, used 11121K [0x00000000c0000000, 0x00000000c2800000, 0x00000000eab00000)
  object space 40960K, 27% used [0x00000000c0000000,0x00000000c0adc5c8,0x00000000c2800000)
 Metaspace       used 6373K, capacity 7216K, committed 7296K, reserved 1056768K
  class space    used 602K, capacity 616K, committed 640K, reserved 1048576K
Event: 7.913 GC heap after
Heap after GC invocations=9 (full 0):
 PSYoungGen      total 128000K, used 8183K [0x00000000eab00000, 0x00000000f8480000, 0x0000000100000000)
  eden space 119808K, 0% used [0x00000000eab00000,0x00000000eab00000,0x00000000f2000000)
  from space 8192K, 99% used [0x00000000f2000000,0x00000000f27fddc0,0x00000000f2800000)
  to   space 15360K, 0% used [0x00000000f7580000,0x00000000f7580000,0x00000000f8480000)
 ParOldGen       total 40960K, used 25557K [0x00000000c0000000, 0x00000000c2800000, 0x00000000eab00000)
  object space 40960K, 62% used [0x00000000c0000000,0x00000000c18f56e8,0x00000000c2800000)
 Metaspace       used 6373K, capacity 7216K, committed 7296K, reserved 1056768K
  class space    used 602K, capacity 616K, committed 640K, reserved 1048576K
}
Event: 9.988 GC heap before
{Heap before GC invocations=10 (full 0):
 PSYoungGen      total 128000K, used 127991K [0x00000000eab00000, 0x00000000f8480000, 0x0000000100000000)
  eden space 119808K, 100% used [0x00000000eab00000,0x00000000f2000000,0x00000000f2000000)
  from space 8192K, 99% used [0x00000000f2000000,0x00000000f27fddc0,0x00000000f2800000)
  to   space 15360K, 0% used [0x00000000f7580000,0x00000000f7580000,0x00000000f8480000)
 ParOldGen       total 40960K, used 25557K [0x00000000c0000000, 0x00000000c2800000, 0x00000000eab00000)
  object space 40960K, 62% used [0x00000000c0000000,0x00000000c18f56e8,0x00000000c2800000)
 Metaspace       used 6481K, capacity 7280K, committed 7552K, reserved 1056768K
  class space    used 602K, capacity 616K, committed 640K, reserved 1048576K
Event: 10.850 GC heap after
Heap after GC invocations=10 (full 0):
 PSYoungGen      total 201216K, used 15341K [0x00000000eab00000, 0x00000000f9080000, 0x0000000100000000)
  eden space 185856K, 0% used [0x00000000eab00000,0x00000000eab00000,0x00000000f6080000)
  from space 15360K, 99% used [0x00000000f7580000,0x00000000f847b7e8,0x00000000f8480000)
  to   space 21504K, 0% used [0x00000000f6080000,0x00000000f6080000,0x00000000f7580000)
 ParOldGen       total 40960K, used 35752K [0x00000000c0000000, 0x00000000c2800000, 0x00000000eab00000)
  object space 40960K, 87% used [0x00000000c0000000,0x00000000c22ea040,0x00000000c2800000)
 Metaspace       used 6481K, capacity 7280K, committed 7552K, reserved 1056768K
  class space    used 602K, capacity 616K, committed 640K, reserved 1048576K
}
Event: 10.962 GC heap before
{Heap before GC invocations=11 (full 1):
 PSYoungGen      total 201216K, used 15341K [0x00000000eab00000, 0x00000000f9080000, 0x0000000100000000)
  eden space 185856K, 0% used [0x00000000eab00000,0x00000000eab00000,0x00000000f6080000)
  from space 15360K, 99% used [0x00000000f7580000,0x00000000f847b7e8,0x00000000f8480000)
  to   space 21504K, 0% used [0x00000000f6080000,0x00000000f6080000,0x00000000f7580000)
 ParOldGen       total 40960K, used 35752K [0x00000000c0000000, 0x00000000c2800000, 0x00000000eab00000)
  object space 40960K, 87% used [0x00000000c0000000,0x00000000c22ea040,0x00000000c2800000)
 Metaspace       used 6481K, capacity 7280K, committed 7552K, reserved 1056768K
  class space    used 602K, capacity 616K, committed 640K, reserved 1048576K
Event: 11.986 GC heap after
Heap after GC invocations=11 (full 1):
 PSYoungGen      total 201216K, used 9182K [0x00000000eab00000, 0x00000000f9080000, 0x0000000100000000)
  eden space 185856K, 0% used [0x00000000eab00000,0x00000000eab00000,0x00000000f6080000)
  from space 15360K, 59% used [0x00000000f7580000,0x00000000f7e77b98,0x00000000f8480000)
  to   space 21504K, 0% used [0x00000000f6080000,0x00000000f6080000,0x00000000f7580000)
 ParOldGen       total 73728K, used 40604K [0x00000000c0000000, 0x00000000c4800000, 0x00000000eab00000)
  object space 73728K, 55% used [0x00000000c0000000,0x00000000c27a73f0,0x00000000c4800000)
 Metaspace       used 6481K, capacity 7280K, committed 7552K, reserved 1056768K
  class space    used 602K, capacity 616K, committed 640K, reserved 1048576K
}
Event: 12.792 GC heap before
{Heap before GC invocations=12 (full 1):
 PSYoungGen      total 201216K, used 195038K [0x00000000eab00000, 0x00000000f9080000, 0x0000000100000000)
  eden space 185856K, 100% used [0x00000000eab00000,0x00000000f6080000,0x00000000f6080000)
  from space 15360K, 59% used [0x00000000f7580000,0x00000000f7e77b98,0x00000000f8480000)
  to   space 21504K, 0% used [0x00000000f6080000,0x00000000f6080000,0x00000000f7580000)
 ParOldGen       total 73728K, used 40604K [0x00000000c0000000, 0x00000000c4800000, 0x00000000eab00000)
  object space 73728K, 55% used [0x00000000c0000000,0x00000000c27a73f0,0x00000000c4800000)
 Metaspace       used 6525K, capacity 7344K, committed 7552K, reserved 1056768K
  class space    used 602K, capacity 616K, committed 640K, reserved 1048576K

